<?xml version="1.0" encoding="UTF-8"?>
<!-- Generated by org.testng.reporters.JUnitXMLReporter -->
<testsuite ignored="0" hostname="LAPTOP-6LG2OHSP" failures="0" tests="2" name="Test1" time="94.148" errors="0" timestamp="2021-09-18T16:05:27 IST">
  <testcase classname="com.qa.testscripts.TC_MakeMyTripHotelReservation_01" name="enterDetails" time="39.065"/>
  <testcase classname="com.qa.testscripts.TC_MakeMyTripHotelReservation_01" name="enterDetails" time="43.196"/>
</testsuite> <!-- Test1 -->
