<?xml version="1.0" encoding="UTF-8"?>
<!-- Generated by org.testng.reporters.JUnitXMLReporter -->
<testsuite hostname="LAPTOP-6LG2OHSP" ignored="0" name="Test1" tests="2" failures="0" timestamp="2021-09-22T21:19:41 IST" time="98.641" errors="0">
  <testcase name="enterDetails" time="41.477" classname="com.qa.testscripts.TC_MakeMyTripHotelReservation_01"/>
  <testcase name="enterDetails" time="45.309" classname="com.qa.testscripts.TC_MakeMyTripHotelReservation_01"/>
</testsuite> <!-- Test1 -->
