<?xml version="1.0" encoding="UTF-8"?>
<testng-results skipped="0" failed="0" ignored="0" total="2" passed="2">
  <reporter-output>
    <line>
      <![CDATA[REVA ROOMS  6,125]]>
    </line>
    <line>
      <![CDATA[Prestige Service Apartment  3,572]]>
    </line>
    <line>
      <![CDATA[OYO 8587 Dwell Suites  2,705]]>
    </line>
    <line>
      <![CDATA[HOTEL RAINTR33  2,637]]>
    </line>
    <line>
      <![CDATA[Serenity La Vista  4,108]]>
    </line>
    <line>
      <![CDATA[Heaven Gaits Resorts Hyderabad  29,225]]>
    </line>
    <line>
      <![CDATA[Dream Valley Golf Resorts and Spa  5,330]]>
    </line>
    <line>
      <![CDATA[Village Farmville - Farmhouse for Pool Parties  15,300]]>
    </line>
    <line>
      <![CDATA[EVERGREEN RETREAT  13,959]]>
    </line>
    <line>
      <![CDATA[Habeeb's Farm House  9,781]]>
    </line>
  </reporter-output>
  <suite name="Suite" duration-ms="98641" started-at="2021-09-22T21:18:03 IST" finished-at="2021-09-22T21:19:41 IST">
    <groups>
    </groups>
    <test name="Test1" duration-ms="98641" started-at="2021-09-22T21:18:03 IST" finished-at="2021-09-22T21:19:41 IST">
      <class name="com.qa.testscripts.TC_MakeMyTripHotelReservation_01">
        <test-method status="PASS" signature="setUp(java.lang.String, java.lang.String)[pri:0, instance:com.qa.testscripts.TC_MakeMyTripHotelReservation_01@6321e813]" name="setUp" is-config="true" duration-ms="9140" started-at="2021-09-22T21:18:03 IST" finished-at="2021-09-22T21:18:12 IST">
          <params>
            <param index="0">
              <value>
                <![CDATA[chrome]]>
              </value>
            </param>
            <param index="1">
              <value>
                <![CDATA[https://www.makemytrip.com/]]>
              </value>
            </param>
          </params>
          <reporter-output>
          </reporter-output>
        </test-method> <!-- setUp -->
        <test-method status="PASS" signature="enterDetails(java.lang.String, java.lang.String, java.lang.String, java.lang.String, java.lang.String, java.lang.String, java.lang.String)[pri:0, instance:com.qa.testscripts.TC_MakeMyTripHotelReservation_01@6321e813]" name="enterDetails" duration-ms="41477" started-at="2021-09-22T21:18:13 IST" data-provider="excelData1" finished-at="2021-09-22T21:18:55 IST">
          <params>
            <param index="0">
              <value>
                <![CDATA[Hyderabad]]>
              </value>
            </param>
            <param index="1">
              <value>
                <![CDATA[Hitech City]]>
              </value>
            </param>
            <param index="2">
              <value>
                <![CDATA[2021-Oct-01]]>
              </value>
            </param>
            <param index="3">
              <value>
                <![CDATA[2021-Oct-09]]>
              </value>
            </param>
            <param index="4">
              <value>
                <![CDATA[5]]>
              </value>
            </param>
            <param index="5">
              <value>
                <![CDATA[1]]>
              </value>
            </param>
            <param index="6">
              <value>
                <![CDATA[2]]>
              </value>
            </param>
          </params>
          <reporter-output>
            <line>
              <![CDATA[REVA ROOMS  6,125]]>
            </line>
            <line>
              <![CDATA[Prestige Service Apartment  3,572]]>
            </line>
            <line>
              <![CDATA[OYO 8587 Dwell Suites  2,705]]>
            </line>
            <line>
              <![CDATA[HOTEL RAINTR33  2,637]]>
            </line>
            <line>
              <![CDATA[Serenity La Vista  4,108]]>
            </line>
          </reporter-output>
        </test-method> <!-- enterDetails -->
        <test-method status="PASS" signature="enterDetails(java.lang.String, java.lang.String, java.lang.String, java.lang.String, java.lang.String, java.lang.String, java.lang.String)[pri:0, instance:com.qa.testscripts.TC_MakeMyTripHotelReservation_01@6321e813]" name="enterDetails" duration-ms="45309" started-at="2021-09-22T21:18:55 IST" data-provider="excelData1" finished-at="2021-09-22T21:19:40 IST">
          <params>
            <param index="0">
              <value>
                <![CDATA[moinabad]]>
              </value>
            </param>
            <param index="1">
              <value>
                <![CDATA[Moinabad]]>
              </value>
            </param>
            <param index="2">
              <value>
                <![CDATA[2022-Jan-01]]>
              </value>
            </param>
            <param index="3">
              <value>
                <![CDATA[2022-Jan-05]]>
              </value>
            </param>
            <param index="4">
              <value>
                <![CDATA[1]]>
              </value>
            </param>
            <param index="5">
              <value>
                <![CDATA[0]]>
              </value>
            </param>
            <param index="6">
              <value>
                <![CDATA[]]>
              </value>
            </param>
          </params>
          <reporter-output>
            <line>
              <![CDATA[Heaven Gaits Resorts Hyderabad  29,225]]>
            </line>
            <line>
              <![CDATA[Dream Valley Golf Resorts and Spa  5,330]]>
            </line>
            <line>
              <![CDATA[Village Farmville - Farmhouse for Pool Parties  15,300]]>
            </line>
            <line>
              <![CDATA[EVERGREEN RETREAT  13,959]]>
            </line>
            <line>
              <![CDATA[Habeeb's Farm House  9,781]]>
            </line>
          </reporter-output>
        </test-method> <!-- enterDetails -->
        <test-method status="PASS" signature="tearDown()[pri:0, instance:com.qa.testscripts.TC_MakeMyTripHotelReservation_01@6321e813]" name="tearDown" is-config="true" duration-ms="1110" started-at="2021-09-22T21:19:40 IST" finished-at="2021-09-22T21:19:41 IST">
          <reporter-output>
          </reporter-output>
        </test-method> <!-- tearDown -->
      </class> <!-- com.qa.testscripts.TC_MakeMyTripHotelReservation_01 -->
    </test> <!-- Test1 -->
  </suite> <!-- Suite -->
</testng-results>
