<?xml version="1.0" encoding="UTF-8"?>
<testng-results ignored="0" total="2" passed="2" failed="0" skipped="0">
  <reporter-output>
    <line>
      <![CDATA[The Westin Hyderabad Mindspace  14,463]]>
    </line>
    <line>
      <![CDATA[REVA ROOMS  6,125]]>
    </line>
    <line>
      <![CDATA[Prestige Service Apartment  3,572]]>
    </line>
    <line>
      <![CDATA[OYO 8587 Dwell Suites  2,357]]>
    </line>
    <line>
      <![CDATA[Serenity La Vista  4,465]]>
    </line>
    <line>
      <![CDATA[Heaven Gaits Resorts Hyderabad  29,225]]>
    </line>
    <line>
      <![CDATA[Dream Valley Golf Resorts and Spa  5,330]]>
    </line>
    <line>
      <![CDATA[Village Farmville - Farmhouse for Pool Parties  15,300]]>
    </line>
    <line>
      <![CDATA[EVERGREEN RETREAT  13,959]]>
    </line>
    <line>
      <![CDATA[Habeeb's Farm House  9,781]]>
    </line>
  </reporter-output>
  <suite started-at="2021-09-18T16:03:53 IST" name="Suite" finished-at="2021-09-18T16:05:27 IST" duration-ms="94148">
    <groups>
    </groups>
    <test started-at="2021-09-18T16:03:53 IST" name="Test1" finished-at="2021-09-18T16:05:27 IST" duration-ms="94148">
      <class name="com.qa.testscripts.TC_MakeMyTripHotelReservation_01">
        <test-method is-config="true" signature="setUp(java.lang.String,java.lang.String)[pri:0, instance:com.qa.testscripts.TC_MakeMyTripHotelReservation_01@72d1ad2e]" started-at="2021-09-18T16:03:53 IST" name="setUp" finished-at="2021-09-18T16:04:03 IST" duration-ms="9742" status="PASS">
          <params>
            <param index="0">
              <value>
                <![CDATA[chrome]]>
              </value>
            </param>
            <param index="1">
              <value>
                <![CDATA[https://www.makemytrip.com/]]>
              </value>
            </param>
          </params>
          <reporter-output>
          </reporter-output>
        </test-method> <!-- setUp -->
        <test-method signature="enterDetails(java.lang.String,java.lang.String,java.lang.String,java.lang.String,java.lang.String,java.lang.String,java.lang.String)[pri:0, instance:com.qa.testscripts.TC_MakeMyTripHotelReservation_01@72d1ad2e]" started-at="2021-09-18T16:04:04 IST" name="enterDetails" data-provider="excelData1" finished-at="2021-09-18T16:04:43 IST" duration-ms="39065" status="PASS">
          <params>
            <param index="0">
              <value>
                <![CDATA[Hyderabad]]>
              </value>
            </param>
            <param index="1">
              <value>
                <![CDATA[Hitech City]]>
              </value>
            </param>
            <param index="2">
              <value>
                <![CDATA[2021-Oct-01]]>
              </value>
            </param>
            <param index="3">
              <value>
                <![CDATA[2021-Oct-09]]>
              </value>
            </param>
            <param index="4">
              <value>
                <![CDATA[5]]>
              </value>
            </param>
            <param index="5">
              <value>
                <![CDATA[1]]>
              </value>
            </param>
            <param index="6">
              <value>
                <![CDATA[2]]>
              </value>
            </param>
          </params>
          <reporter-output>
            <line>
              <![CDATA[The Westin Hyderabad Mindspace  14,463]]>
            </line>
            <line>
              <![CDATA[REVA ROOMS  6,125]]>
            </line>
            <line>
              <![CDATA[Prestige Service Apartment  3,572]]>
            </line>
            <line>
              <![CDATA[OYO 8587 Dwell Suites  2,357]]>
            </line>
            <line>
              <![CDATA[Serenity La Vista  4,465]]>
            </line>
          </reporter-output>
        </test-method> <!-- enterDetails -->
        <test-method signature="enterDetails(java.lang.String,java.lang.String,java.lang.String,java.lang.String,java.lang.String,java.lang.String,java.lang.String)[pri:0, instance:com.qa.testscripts.TC_MakeMyTripHotelReservation_01@72d1ad2e]" started-at="2021-09-18T16:04:43 IST" name="enterDetails" data-provider="excelData1" finished-at="2021-09-18T16:05:26 IST" duration-ms="43196" status="PASS">
          <params>
            <param index="0">
              <value>
                <![CDATA[moinabad]]>
              </value>
            </param>
            <param index="1">
              <value>
                <![CDATA[Moinabad]]>
              </value>
            </param>
            <param index="2">
              <value>
                <![CDATA[2022-Jan-01]]>
              </value>
            </param>
            <param index="3">
              <value>
                <![CDATA[2022-Jan-05]]>
              </value>
            </param>
            <param index="4">
              <value>
                <![CDATA[1]]>
              </value>
            </param>
            <param index="5">
              <value>
                <![CDATA[0]]>
              </value>
            </param>
            <param index="6">
              <value>
                <![CDATA[]]>
              </value>
            </param>
          </params>
          <reporter-output>
            <line>
              <![CDATA[Heaven Gaits Resorts Hyderabad  29,225]]>
            </line>
            <line>
              <![CDATA[Dream Valley Golf Resorts and Spa  5,330]]>
            </line>
            <line>
              <![CDATA[Village Farmville - Farmhouse for Pool Parties  15,300]]>
            </line>
            <line>
              <![CDATA[EVERGREEN RETREAT  13,959]]>
            </line>
            <line>
              <![CDATA[Habeeb's Farm House  9,781]]>
            </line>
          </reporter-output>
        </test-method> <!-- enterDetails -->
        <test-method is-config="true" signature="tearDown()[pri:0, instance:com.qa.testscripts.TC_MakeMyTripHotelReservation_01@72d1ad2e]" started-at="2021-09-18T16:05:26 IST" name="tearDown" finished-at="2021-09-18T16:05:27 IST" duration-ms="441" status="PASS">
          <reporter-output>
          </reporter-output>
        </test-method> <!-- tearDown -->
      </class> <!-- com.qa.testscripts.TC_MakeMyTripHotelReservation_01 -->
    </test> <!-- Test1 -->
  </suite> <!-- Suite -->
</testng-results>
